<?xml version="1.1" encoding="UTF-8"?>
<testsuite name="com.celulas.CelulasSpec" tests="8" failures="1" errors="0" timestamp="2014-11-14T00:57:25" hostname="pinky-System-Product-Name" time="0.382">
  <properties/>
  <testcase name="must create a file" classname="com.celulas.CelulasSpec" time="0.087"/>
  <testcase name="must open a file" classname="com.celulas.CelulasSpec" time="0.018"/>
  <testcase name="must open a file and if it doesn exist create it" classname="com.celulas.CelulasSpec" time="0.002"/>
  <testcase name="must read input and print it" classname="com.celulas.CelulasSpec" time="0.031"/>
  <testcase name="must buffer it in a matrix" classname="com.celulas.CelulasSpec" time="0.066"/>
  <testcase name="given a matrix must  find its partners" classname="com.celulas.CelulasSpec" time="0.096"/>
  <testcase name="must search its parteners" classname="com.celulas.CelulasSpec" time="0.002"/>
  <testcase name="given a map with index must find  a '*' " classname="com.celulas.CelulasSpec" time="0.076">
    <failure message="Condition not satisfied:&#10;&#10;response&#10;|&#10;null&#10;" type="org.spockframework.runtime.ConditionNotSatisfiedError">Condition not satisfied:

response
|
null

	at com.celulas.CelulasSpec.given a map with index must find  a '*' (CelulasSpec.groovy:100)
</failure>
  </testcase>
  <system-out><![CDATA[ESTADO INICIAL
.........*
.*.*...*..
..........
..*.*....*
.*..*...*.
.........*
..........
.....*..*.
.*....*...
.....**...
SIGUIENTE ESTADO
[[0, 0], [0, 1], [1, 0], [1, 1]]
[[0, 0], [0, 1], [0, 2], [1, 0], [1, 1], [1, 2]]
[[0, 1], [0, 2], [0, 3], [1, 1], [1, 2], [1, 3]]
[[0, 2], [0, 3], [0, 4], [1, 2], [1, 3], [1, 4]]
[[0, 3], [0, 4], [0, 5], [1, 3], [1, 4], [1, 5]]
[[0, 4], [0, 5], [0, 6], [1, 4], [1, 5], [1, 6]]
[[0, 5], [0, 6], [0, 7], [1, 5], [1, 6], [1, 7]]
[[0, 6], [0, 7], [0, 8], [1, 6], [1, 7], [1, 8]]
[[0, 7], [0, 8], [0, 9], [1, 7], [1, 8], [1, 9]]
[[0, 8], [0, 9], [1, 8], [1, 9]]
[[0, 0], [0, 1], [1, 0], [1, 1], [2, 0], [2, 1]]
[[0, 0], [0, 1], [0, 2], [1, 0], [1, 1], [1, 2], [2, 0], [2, 1], [2, 2]]
[[0, 1], [0, 2], [0, 3], [1, 1], [1, 2], [1, 3], [2, 1], [2, 2], [2, 3]]
[[0, 2], [0, 3], [0, 4], [1, 2], [1, 3], [1, 4], [2, 2], [2, 3], [2, 4]]
[[0, 3], [0, 4], [0, 5], [1, 3], [1, 4], [1, 5], [2, 3], [2, 4], [2, 5]]
[[0, 4], [0, 5], [0, 6], [1, 4], [1, 5], [1, 6], [2, 4], [2, 5], [2, 6]]
[[0, 5], [0, 6], [0, 7], [1, 5], [1, 6], [1, 7], [2, 5], [2, 6], [2, 7]]
[[0, 6], [0, 7], [0, 8], [1, 6], [1, 7], [1, 8], [2, 6], [2, 7], [2, 8]]
[[0, 7], [0, 8], [0, 9], [1, 7], [1, 8], [1, 9], [2, 7], [2, 8], [2, 9]]
[[0, 8], [0, 9], [1, 8], [1, 9], [2, 8], [2, 9]]
[[1, 0], [1, 1], [2, 0], [2, 1], [3, 0], [3, 1]]
[[1, 0], [1, 1], [1, 2], [2, 0], [2, 1], [2, 2], [3, 0], [3, 1], [3, 2]]
[[1, 1], [1, 2], [1, 3], [2, 1], [2, 2], [2, 3], [3, 1], [3, 2], [3, 3]]
[[1, 2], [1, 3], [1, 4], [2, 2], [2, 3], [2, 4], [3, 2], [3, 3], [3, 4]]
[[1, 3], [1, 4], [1, 5], [2, 3], [2, 4], [2, 5], [3, 3], [3, 4], [3, 5]]
[[1, 4], [1, 5], [1, 6], [2, 4], [2, 5], [2, 6], [3, 4], [3, 5], [3, 6]]
[[1, 5], [1, 6], [1, 7], [2, 5], [2, 6], [2, 7], [3, 5], [3, 6], [3, 7]]
[[1, 6], [1, 7], [1, 8], [2, 6], [2, 7], [2, 8], [3, 6], [3, 7], [3, 8]]
[[1, 7], [1, 8], [1, 9], [2, 7], [2, 8], [2, 9], [3, 7], [3, 8], [3, 9]]
[[1, 8], [1, 9], [2, 8], [2, 9], [3, 8], [3, 9]]
[[2, 0], [2, 1], [3, 0], [3, 1], [4, 0], [4, 1]]
[[2, 0], [2, 1], [2, 2], [3, 0], [3, 1], [3, 2], [4, 0], [4, 1], [4, 2]]
[[2, 1], [2, 2], [2, 3], [3, 1], [3, 2], [3, 3], [4, 1], [4, 2], [4, 3]]
[[2, 2], [2, 3], [2, 4], [3, 2], [3, 3], [3, 4], [4, 2], [4, 3], [4, 4]]
[[2, 3], [2, 4], [2, 5], [3, 3], [3, 4], [3, 5], [4, 3], [4, 4], [4, 5]]
[[2, 4], [2, 5], [2, 6], [3, 4], [3, 5], [3, 6], [4, 4], [4, 5], [4, 6]]
[[2, 5], [2, 6], [2, 7], [3, 5], [3, 6], [3, 7], [4, 5], [4, 6], [4, 7]]
[[2, 6], [2, 7], [2, 8], [3, 6], [3, 7], [3, 8], [4, 6], [4, 7], [4, 8]]
[[2, 7], [2, 8], [2, 9], [3, 7], [3, 8], [3, 9], [4, 7], [4, 8], [4, 9]]
[[2, 8], [2, 9], [3, 8], [3, 9], [4, 8], [4, 9]]
[[3, 0], [3, 1], [4, 0], [4, 1], [5, 0], [5, 1]]
[[3, 0], [3, 1], [3, 2], [4, 0], [4, 1], [4, 2], [5, 0], [5, 1], [5, 2]]
[[3, 1], [3, 2], [3, 3], [4, 1], [4, 2], [4, 3], [5, 1], [5, 2], [5, 3]]
[[3, 2], [3, 3], [3, 4], [4, 2], [4, 3], [4, 4], [5, 2], [5, 3], [5, 4]]
[[3, 3], [3, 4], [3, 5], [4, 3], [4, 4], [4, 5], [5, 3], [5, 4], [5, 5]]
[[3, 4], [3, 5], [3, 6], [4, 4], [4, 5], [4, 6], [5, 4], [5, 5], [5, 6]]
[[3, 5], [3, 6], [3, 7], [4, 5], [4, 6], [4, 7], [5, 5], [5, 6], [5, 7]]
[[3, 6], [3, 7], [3, 8], [4, 6], [4, 7], [4, 8], [5, 6], [5, 7], [5, 8]]
[[3, 7], [3, 8], [3, 9], [4, 7], [4, 8], [4, 9], [5, 7], [5, 8], [5, 9]]
[[3, 8], [3, 9], [4, 8], [4, 9], [5, 8], [5, 9]]
[[4, 0], [4, 1], [5, 0], [5, 1], [6, 0], [6, 1]]
[[4, 0], [4, 1], [4, 2], [5, 0], [5, 1], [5, 2], [6, 0], [6, 1], [6, 2]]
[[4, 1], [4, 2], [4, 3], [5, 1], [5, 2], [5, 3], [6, 1], [6, 2], [6, 3]]
[[4, 2], [4, 3], [4, 4], [5, 2], [5, 3], [5, 4], [6, 2], [6, 3], [6, 4]]
[[4, 3], [4, 4], [4, 5], [5, 3], [5, 4], [5, 5], [6, 3], [6, 4], [6, 5]]
[[4, 4], [4, 5], [4, 6], [5, 4], [5, 5], [5, 6], [6, 4], [6, 5], [6, 6]]
[[4, 5], [4, 6], [4, 7], [5, 5], [5, 6], [5, 7], [6, 5], [6, 6], [6, 7]]
[[4, 6], [4, 7], [4, 8], [5, 6], [5, 7], [5, 8], [6, 6], [6, 7], [6, 8]]
[[4, 7], [4, 8], [4, 9], [5, 7], [5, 8], [5, 9], [6, 7], [6, 8], [6, 9]]
[[4, 8], [4, 9], [5, 8], [5, 9], [6, 8], [6, 9]]
[[5, 0], [5, 1], [6, 0], [6, 1], [7, 0], [7, 1]]
[[5, 0], [5, 1], [5, 2], [6, 0], [6, 1], [6, 2], [7, 0], [7, 1], [7, 2]]
[[5, 1], [5, 2], [5, 3], [6, 1], [6, 2], [6, 3], [7, 1], [7, 2], [7, 3]]
[[5, 2], [5, 3], [5, 4], [6, 2], [6, 3], [6, 4], [7, 2], [7, 3], [7, 4]]
[[5, 3], [5, 4], [5, 5], [6, 3], [6, 4], [6, 5], [7, 3], [7, 4], [7, 5]]
[[5, 4], [5, 5], [5, 6], [6, 4], [6, 5], [6, 6], [7, 4], [7, 5], [7, 6]]
[[5, 5], [5, 6], [5, 7], [6, 5], [6, 6], [6, 7], [7, 5], [7, 6], [7, 7]]
[[5, 6], [5, 7], [5, 8], [6, 6], [6, 7], [6, 8], [7, 6], [7, 7], [7, 8]]
[[5, 7], [5, 8], [5, 9], [6, 7], [6, 8], [6, 9], [7, 7], [7, 8], [7, 9]]
[[5, 8], [5, 9], [6, 8], [6, 9], [7, 8], [7, 9]]
[[6, 0], [6, 1], [7, 0], [7, 1], [8, 0], [8, 1]]
[[6, 0], [6, 1], [6, 2], [7, 0], [7, 1], [7, 2], [8, 0], [8, 1], [8, 2]]
[[6, 1], [6, 2], [6, 3], [7, 1], [7, 2], [7, 3], [8, 1], [8, 2], [8, 3]]
[[6, 2], [6, 3], [6, 4], [7, 2], [7, 3], [7, 4], [8, 2], [8, 3], [8, 4]]
[[6, 3], [6, 4], [6, 5], [7, 3], [7, 4], [7, 5], [8, 3], [8, 4], [8, 5]]
[[6, 4], [6, 5], [6, 6], [7, 4], [7, 5], [7, 6], [8, 4], [8, 5], [8, 6]]
[[6, 5], [6, 6], [6, 7], [7, 5], [7, 6], [7, 7], [8, 5], [8, 6], [8, 7]]
[[6, 6], [6, 7], [6, 8], [7, 6], [7, 7], [7, 8], [8, 6], [8, 7], [8, 8]]
[[6, 7], [6, 8], [6, 9], [7, 7], [7, 8], [7, 9], [8, 7], [8, 8], [8, 9]]
[[6, 8], [6, 9], [7, 8], [7, 9], [8, 8], [8, 9]]
[[7, 0], [7, 1], [8, 0], [8, 1], [9, 0], [9, 1]]
[[7, 0], [7, 1], [7, 2], [8, 0], [8, 1], [8, 2], [9, 0], [9, 1], [9, 2]]
[[7, 1], [7, 2], [7, 3], [8, 1], [8, 2], [8, 3], [9, 1], [9, 2], [9, 3]]
[[7, 2], [7, 3], [7, 4], [8, 2], [8, 3], [8, 4], [9, 2], [9, 3], [9, 4]]
[[7, 3], [7, 4], [7, 5], [8, 3], [8, 4], [8, 5], [9, 3], [9, 4], [9, 5]]
[[7, 4], [7, 5], [7, 6], [8, 4], [8, 5], [8, 6], [9, 4], [9, 5], [9, 6]]
[[7, 5], [7, 6], [7, 7], [8, 5], [8, 6], [8, 7], [9, 5], [9, 6], [9, 7]]
[[7, 6], [7, 7], [7, 8], [8, 6], [8, 7], [8, 8], [9, 6], [9, 7], [9, 8]]
[[7, 7], [7, 8], [7, 9], [8, 7], [8, 8], [8, 9], [9, 7], [9, 8], [9, 9]]
[[7, 8], [7, 9], [8, 8], [8, 9], [9, 8], [9, 9]]
[[8, 0], [8, 1], [9, 0], [9, 1]]
[[8, 0], [8, 1], [8, 2], [9, 0], [9, 1], [9, 2]]
[[8, 1], [8, 2], [8, 3], [9, 1], [9, 2], [9, 3]]
[[8, 2], [8, 3], [8, 4], [9, 2], [9, 3], [9, 4]]
[[8, 3], [8, 4], [8, 5], [9, 3], [9, 4], [9, 5]]
[[8, 4], [8, 5], [8, 6], [9, 4], [9, 5], [9, 6]]
[[8, 5], [8, 6], [8, 7], [9, 5], [9, 6], [9, 7]]
[[8, 6], [8, 7], [8, 8], [9, 6], [9, 7], [9, 8]]
[[8, 7], [8, 8], [8, 9], [9, 7], [9, 8], [9, 9]]
[[8, 8], [8, 9], [9, 8], [9, 9]]
busca vecinos
[[5, 8], [5, 9], [6, 8], [6, 9], [7, 8], [7, 9]]
]]></system-out>
  <system-err><![CDATA[]]></system-err>
</testsuite>
