<?xml version="1.1" encoding="UTF-8"?>
<testsuite name="com.celulas.CelulasSpec" tests="7" failures="0" errors="0" timestamp="2014-11-14T00:40:53" hostname="pinky-System-Product-Name" time="0.227">
  <properties/>
  <testcase name="must create a file" classname="com.celulas.CelulasSpec" time="0.086"/>
  <testcase name="must open a file" classname="com.celulas.CelulasSpec" time="0.018"/>
  <testcase name="must open a file and if it doesn exist create it" classname="com.celulas.CelulasSpec" time="0.002"/>
  <testcase name="must read input and print it" classname="com.celulas.CelulasSpec" time="0.03"/>
  <testcase name="must buffer it in a matrix" classname="com.celulas.CelulasSpec" time="0.065"/>
  <testcase name="given a matrix must  find its partners" classname="com.celulas.CelulasSpec" time="0.016"/>
  <testcase name="must search its parteners" classname="com.celulas.CelulasSpec" time="0.008"/>
  <system-out><![CDATA[ESTADO INICIAL
.........*
.*.*...*..
..........
..*.*....*
.*..*...*.
.........*
..........
.....*..*.
.*....*...
.....**...
SIGUIENTE ESTADO
.
.
.
.
.
.
.
.
.
*
.
*
.
*
.
.
.
*
.
.
.
.
.
.
.
.
.
.
.
.
.
.
*
.
*
.
.
.
.
*
.
*
.
.
*
.
.
.
*
.
.
.
.
.
.
.
.
.
.
*
.
.
.
.
.
.
.
.
.
.
.
.
.
.
.
*
.
.
*
.
.
*
.
.
.
.
*
.
.
.
.
.
.
.
.
*
*
.
.
.
[[0, 0], [0, 1], [1, 0], [1, 1]]
]]></system-out>
  <system-err><![CDATA[]]></system-err>
</testsuite>
