<?xml version="1.1" encoding="UTF-8"?>
<testsuite name="com.celulas.CelulasSpec" tests="7" failures="1" errors="0" timestamp="2014-11-13T23:09:57" hostname="pinky-System-Product-Name" time="0.303">
  <properties/>
  <testcase name="must create a file" classname="com.celulas.CelulasSpec" time="0.086"/>
  <testcase name="must open a file" classname="com.celulas.CelulasSpec" time="0.017"/>
  <testcase name="must open a file and if it doesn exist create it" classname="com.celulas.CelulasSpec" time="0.002"/>
  <testcase name="must read input and print it" classname="com.celulas.CelulasSpec" time="0.031"/>
  <testcase name="must buffer it in a matrix" classname="com.celulas.CelulasSpec" time="0.065"/>
  <testcase name="given a matrix must  find its partners" classname="com.celulas.CelulasSpec" time="0.017"/>
  <testcase name="must search its parteners" classname="com.celulas.CelulasSpec" time="0.084">
    <failure message="Condition not satisfied:&#10;&#10;response&#10;|&#10;null&#10;" type="org.spockframework.runtime.ConditionNotSatisfiedError">Condition not satisfied:

response
|
null

	at com.celulas.CelulasSpec.must search its parteners(CelulasSpec.groovy:88)
</failure>
  </testcase>
  <system-out><![CDATA[ESTADO INICIAL
.........*
.*.*...*..
..........
..*.*....*
.*..*...*.
.........*
..........
.....*..*.
.*....*...
.....**...
SIGUIENTE ESTADO
.
.
.
.
.
.
.
.
.
*
.
*
.
*
.
.
.
*
.
.
.
.
.
.
.
.
.
.
.
.
.
.
*
.
*
.
.
.
.
*
.
*
.
.
*
.
.
.
*
.
.
.
.
.
.
.
.
.
.
*
.
.
.
.
.
.
.
.
.
.
.
.
.
.
.
*
.
.
*
.
.
*
.
.
.
.
*
.
.
.
.
.
.
.
.
*
*
.
.
.
[[2, 0], [2, 0]]
]]></system-out>
  <system-err><![CDATA[]]></system-err>
</testsuite>
