<?xml version="1.1" encoding="UTF-8"?>
<testsuite name="com.celulas.CelulasSpec" tests="16" failures="0" errors="0" timestamp="2014-11-19T17:51:41" hostname="pinky-System-Product-Name" time="0.549">
  <properties/>
  <testcase name="must create a file" classname="com.celulas.CelulasSpec" time="0.1"/>
  <testcase name="must open a file" classname="com.celulas.CelulasSpec" time="0.018"/>
  <testcase name="must open a file and if it doesn exist create it" classname="com.celulas.CelulasSpec" time="0.003"/>
  <testcase name="must read input and print it" classname="com.celulas.CelulasSpec" time="0.4"/>
  <testcase name="must buffer it in a matrix" classname="com.celulas.CelulasSpec" time="0.002"/>
  <testcase name="given a matrix must  find its partners" classname="com.celulas.CelulasSpec" time="0.014"/>
  <testcase name="must search its parteners" classname="com.celulas.CelulasSpec" time="0.001"/>
  <testcase name="given a map with index must find  a '*' " classname="com.celulas.CelulasSpec" time="0.002"/>
  <testcase name="Any live cell with one live neighbours dies" classname="com.celulas.CelulasSpec" time="0.001"/>
  <testcase name="Any live cell with cero live neighbours dies" classname="com.celulas.CelulasSpec" time="0.0"/>
  <testcase name="Any live cell with two live neighbours lives on to the next generation" classname="com.celulas.CelulasSpec" time="0.0"/>
  <testcase name="Any live cell with tree live neighbours lives on to the next generation" classname="com.celulas.CelulasSpec" time="0.0"/>
  <testcase name="Any live cell with more 3 live neighbours lives on to the next generation" classname="com.celulas.CelulasSpec" time="0.0"/>
  <testcase name="Any live cell with more 5 live neighbours lives on to the next generation" classname="com.celulas.CelulasSpec" time="0.0"/>
  <testcase name="Any live cell with 3 live neighbours lives on to the next generation" classname="com.celulas.CelulasSpec" time="0.0"/>
  <testcase name="must set the status if recive . *" classname="com.celulas.CelulasSpec" time="0.003"/>
  <system-out><![CDATA[.........*
.*.*...*..
..........
..*.*....*
.*..*...*.
.........*
..........
.....*..*.
.*....*...
.....**...
0
..........
..........
..**......
...*......
...*....**
..........
..........
..........
......**..
.....**...
1
..........
..........
..**......
...**.....
..........
..........
..........
..........
.....***..
.....***..
2
..........
..........
..***.....
..***.....
..........
..........
..........
......*...
.....*.*..
.....*.*..
3
..........
...*......
..*.*.....
..*.*.....
...*......
..........
..........
......*...
.....*.*..
..........
4
..........
...*......
..*.*.....
..*.*.....
...*......
..........
..........
......*...
......*...
..........
5
..........
...*......
..*.*.....
..*.*.....
...*......
..........
..........
..........
..........
..........
6
..........
...*......
..*.*.....
..*.*.....
...*......
..........
..........
..........
..........
..........
7
..........
...*......
..*.*.....
..*.*.....
...*......
..........
..........
..........
..........
..........
8
..........
...*......
..*.*.....
..*.*.....
...*......
..........
..........
..........
..........
..........
9
..........
...*......
..*.*.....
..*.*.....
...*......
..........
..........
..........
..........
..........
[[., ., ., ., ., ., ., ., ., .], [., ., ., ., ., ., ., ., ., .], [., ., *, *, ., ., ., ., ., .], [., ., ., *, ., ., ., ., ., .], [., ., ., *, ., ., ., ., *, *], [., ., ., ., ., ., ., ., ., .], [., ., ., ., ., ., ., ., ., .], [., ., ., ., ., ., ., ., ., .], [., ., ., ., ., ., *, *, ., .], [., ., ., ., ., *, *, ., ., .]]
busca vecinos
]]></system-out>
  <system-err><![CDATA[]]></system-err>
</testsuite>
